2023-08-06 00:35:47,799 [WARNING] django.server:207: Unauthrized: 사용자 인증 실패
2023-08-06 00:35:47,807 [WARNING] django.server:161: "POST /api/app/v1/login HTTP/1.1" 401 43
2023-08-06 00:35:51,630 [WARNING] django.server:207: Unauthrized: 사용자 인증 실패
2023-08-06 00:35:51,633 [WARNING] django.server:161: "POST /api/app/v1/login HTTP/1.1" 401 43
2023-08-06 00:36:32,551 [WARNING] django.server:161: "GET /api/app/v1/clusters//nodes/south-master/metrics HTTP/1.1" 404 10591
2023-08-06 00:36:33,525 [WARNING] django.server:161: "GET /api/app/v1/clusters//nodes/south-master/metrics HTTP/1.1" 404 10591
2023-08-06 00:36:34,534 [WARNING] django.server:161: "GET /api/app/v1/clusters//nodes/south-master/metrics HTTP/1.1" 404 10591
2023-08-06 00:36:35,525 [WARNING] django.server:161: "GET /api/app/v1/clusters//nodes/south-master/metrics HTTP/1.1" 404 10591
2023-08-06 00:36:36,524 [WARNING] django.server:161: "GET /api/app/v1/clusters//nodes/south-master/metrics HTTP/1.1" 404 10591
2023-08-06 00:36:37,511 [WARNING] django.server:161: "GET /api/app/v1/clusters//nodes/south-master/metrics HTTP/1.1" 404 10591
2023-08-06 00:36:37,648 [ERROR] django.server:161: "GET /pod HTTP/1.1" 500 73282
2023-08-06 00:36:37,940 [WARNING] django.server:161: "GET /favicon.ico HTTP/1.1" 404 3786
2023-08-06 00:36:45,765 [WARNING] django.server:161: "GET /api/app/v1/clusters//nodes/south-master/metrics HTTP/1.1" 404 10591
2023-08-06 00:36:46,518 [WARNING] django.server:161: "GET /api/app/v1/clusters//nodes/south-master/metrics HTTP/1.1" 404 10591
2023-08-06 00:36:46,772 [ERROR] django.server:161: "GET /pod HTTP/1.1" 500 73282
2023-08-06 00:36:51,964 [WARNING] django.server:161: "GET /api/app/v1/clusters//nodes/south-master/metrics HTTP/1.1" 404 10591
2023-08-06 00:36:52,521 [WARNING] django.server:161: "GET /api/app/v1/clusters//nodes/south-master/metrics HTTP/1.1" 404 10591
2023-08-06 00:36:53,517 [WARNING] django.server:161: "GET /api/app/v1/clusters//nodes/south-master/metrics HTTP/1.1" 404 10591
2023-08-06 00:36:54,520 [WARNING] django.server:161: "GET /api/app/v1/clusters//nodes/south-master/metrics HTTP/1.1" 404 10591
2023-08-06 00:36:55,521 [WARNING] django.server:161: "GET /api/app/v1/clusters//nodes/south-master/metrics HTTP/1.1" 404 10591
2023-08-06 00:36:56,516 [WARNING] django.server:161: "GET /api/app/v1/clusters//nodes/south-master/metrics HTTP/1.1" 404 10591
2023-08-06 00:36:57,518 [WARNING] django.server:161: "GET /api/app/v1/clusters//nodes/south-master/metrics HTTP/1.1" 404 10591
2023-08-06 00:36:58,524 [WARNING] django.server:161: "GET /api/app/v1/clusters//nodes/south-master/metrics HTTP/1.1" 404 10591
2023-08-06 00:36:59,516 [WARNING] django.server:161: "GET /api/app/v1/clusters//nodes/south-master/metrics HTTP/1.1" 404 10591
2023-08-06 00:37:01,424 [WARNING] django.server:161: "GET /api/app/v1/clusters//nodes/south-master/metrics HTTP/1.1" 404 10591
2023-08-06 00:37:02,425 [WARNING] django.server:161: "GET /api/app/v1/clusters//nodes/south-master/metrics HTTP/1.1" 404 10591
2023-08-06 00:37:03,035 [WARNING] django.server:161: "GET /api/app/v1/clusters//nodes/south-master/metrics HTTP/1.1" 404 10591
2023-08-06 00:37:03,514 [WARNING] django.server:161: "GET /api/app/v1/clusters//nodes/south-master/metrics HTTP/1.1" 404 10591
2023-08-06 00:37:05,294 [WARNING] django.server:161: "GET /api/app/v1/clusters//nodes/south-master/metrics HTTP/1.1" 404 10591
2023-08-06 00:37:05,519 [WARNING] django.server:161: "GET /api/app/v1/clusters//nodes/south-master/metrics HTTP/1.1" 404 10591
2023-08-06 00:37:06,520 [WARNING] django.server:161: "GET /api/app/v1/clusters//nodes/south-master/metrics HTTP/1.1" 404 10591
2023-08-06 00:37:07,531 [WARNING] django.server:161: "GET /api/app/v1/clusters//nodes/south-master/metrics HTTP/1.1" 404 10591
2023-08-06 00:37:08,524 [WARNING] django.server:161: "GET /api/app/v1/clusters//nodes/south-master/metrics HTTP/1.1" 404 10591
2023-08-06 00:37:09,532 [WARNING] django.server:161: "GET /api/app/v1/clusters//nodes/south-master/metrics HTTP/1.1" 404 10591
2023-08-06 00:37:10,522 [WARNING] django.server:161: "GET /api/app/v1/clusters//nodes/south-master/metrics HTTP/1.1" 404 10591
2023-08-06 00:37:11,522 [WARNING] django.server:161: "GET /api/app/v1/clusters//nodes/south-master/metrics HTTP/1.1" 404 10591
2023-08-06 00:37:13,449 [WARNING] django.server:161: "GET /api/app/v1/clusters//nodes/south-master/metrics HTTP/1.1" 404 10591
2023-08-06 00:37:14,435 [WARNING] django.server:161: "GET /api/app/v1/clusters//nodes/south-master/metrics HTTP/1.1" 404 10591
2023-08-06 00:37:15,435 [WARNING] django.server:161: "GET /api/app/v1/clusters//nodes/south-master/metrics HTTP/1.1" 404 10591
2023-08-06 00:37:16,426 [WARNING] django.server:161: "GET /api/app/v1/clusters//nodes/south-master/metrics HTTP/1.1" 404 10591
2023-08-06 00:37:17,445 [WARNING] django.server:161: "GET /api/app/v1/clusters//nodes/south-master/metrics HTTP/1.1" 404 10591
2023-08-06 00:37:18,425 [WARNING] django.server:161: "GET /api/app/v1/clusters//nodes/south-master/metrics HTTP/1.1" 404 10591
2023-08-06 00:37:19,424 [WARNING] django.server:161: "GET /api/app/v1/clusters//nodes/south-master/metrics HTTP/1.1" 404 10591
2023-08-06 00:37:20,438 [WARNING] django.server:161: "GET /api/app/v1/clusters//nodes/south-master/metrics HTTP/1.1" 404 10591
2023-08-06 00:37:21,427 [WARNING] django.server:161: "GET /api/app/v1/clusters//nodes/south-master/metrics HTTP/1.1" 404 10591
2023-08-06 00:37:22,426 [WARNING] django.server:161: "GET /api/app/v1/clusters//nodes/south-master/metrics HTTP/1.1" 404 10591
2023-08-06 00:37:23,437 [WARNING] django.server:161: "GET /api/app/v1/clusters//nodes/south-master/metrics HTTP/1.1" 404 10591
2023-08-06 00:37:24,421 [WARNING] django.server:161: "GET /api/app/v1/clusters//nodes/south-master/metrics HTTP/1.1" 404 10591
2023-08-06 00:37:25,420 [WARNING] django.server:161: "GET /api/app/v1/clusters//nodes/south-master/metrics HTTP/1.1" 404 10591
2023-08-06 00:37:26,436 [WARNING] django.server:161: "GET /api/app/v1/clusters//nodes/south-master/metrics HTTP/1.1" 404 10591
2023-08-06 00:37:27,431 [WARNING] django.server:161: "GET /api/app/v1/clusters//nodes/south-master/metrics HTTP/1.1" 404 10591
2023-08-06 00:37:28,429 [WARNING] django.server:161: "GET /api/app/v1/clusters//nodes/south-master/metrics HTTP/1.1" 404 10591
2023-08-06 00:37:29,436 [WARNING] django.server:161: "GET /api/app/v1/clusters//nodes/south-master/metrics HTTP/1.1" 404 10591
2023-08-06 00:37:30,426 [WARNING] django.server:161: "GET /api/app/v1/clusters//nodes/south-master/metrics HTTP/1.1" 404 10591
2023-08-06 00:37:31,429 [WARNING] django.server:161: "GET /api/app/v1/clusters//nodes/south-master/metrics HTTP/1.1" 404 10591
2023-08-06 00:37:32,436 [WARNING] django.server:161: "GET /api/app/v1/clusters//nodes/south-master/metrics HTTP/1.1" 404 10591
2023-08-06 00:37:33,431 [WARNING] django.server:161: "GET /api/app/v1/clusters//nodes/south-master/metrics HTTP/1.1" 404 10591
2023-08-06 00:37:34,426 [WARNING] django.server:161: "GET /api/app/v1/clusters//nodes/south-master/metrics HTTP/1.1" 404 10591
2023-08-06 00:37:35,433 [WARNING] django.server:161: "GET /api/app/v1/clusters//nodes/south-master/metrics HTTP/1.1" 404 10591
2023-08-06 00:37:36,421 [WARNING] django.server:161: "GET /api/app/v1/clusters//nodes/south-master/metrics HTTP/1.1" 404 10591
2023-08-06 00:37:37,431 [WARNING] django.server:161: "GET /api/app/v1/clusters//nodes/south-master/metrics HTTP/1.1" 404 10591
2023-08-06 00:37:38,437 [WARNING] django.server:161: "GET /api/app/v1/clusters//nodes/south-master/metrics HTTP/1.1" 404 10591
2023-08-06 00:37:39,418 [WARNING] django.server:161: "GET /api/app/v1/clusters//nodes/south-master/metrics HTTP/1.1" 404 10591
2023-08-06 00:37:40,435 [WARNING] django.server:161: "GET /api/app/v1/clusters//nodes/south-master/metrics HTTP/1.1" 404 10591
2023-08-06 00:37:41,438 [WARNING] django.server:161: "GET /api/app/v1/clusters//nodes/south-master/metrics HTTP/1.1" 404 10591
2023-08-06 00:37:42,424 [WARNING] django.server:161: "GET /api/app/v1/clusters//nodes/south-master/metrics HTTP/1.1" 404 10591
2023-08-06 00:37:43,426 [WARNING] django.server:161: "GET /api/app/v1/clusters//nodes/south-master/metrics HTTP/1.1" 404 10591
2023-08-06 00:37:44,444 [WARNING] django.server:161: "GET /api/app/v1/clusters//nodes/south-master/metrics HTTP/1.1" 404 10591
2023-08-06 00:37:45,426 [WARNING] django.server:161: "GET /api/app/v1/clusters//nodes/south-master/metrics HTTP/1.1" 404 10591
2023-08-06 00:37:46,431 [WARNING] django.server:161: "GET /api/app/v1/clusters//nodes/south-master/metrics HTTP/1.1" 404 10591
2023-08-06 00:37:47,440 [WARNING] django.server:161: "GET /api/app/v1/clusters//nodes/south-master/metrics HTTP/1.1" 404 10591
2023-08-06 00:37:48,433 [WARNING] django.server:161: "GET /api/app/v1/clusters//nodes/south-master/metrics HTTP/1.1" 404 10591
2023-08-06 00:37:49,431 [WARNING] django.server:161: "GET /api/app/v1/clusters//nodes/south-master/metrics HTTP/1.1" 404 10591
2023-08-06 00:37:50,433 [WARNING] django.server:161: "GET /api/app/v1/clusters//nodes/south-master/metrics HTTP/1.1" 404 10591
2023-08-06 00:37:51,425 [WARNING] django.server:161: "GET /api/app/v1/clusters//nodes/south-master/metrics HTTP/1.1" 404 10591
2023-08-06 00:37:52,421 [WARNING] django.server:161: "GET /api/app/v1/clusters//nodes/south-master/metrics HTTP/1.1" 404 10591
2023-08-06 00:37:53,425 [WARNING] django.server:161: "GET /api/app/v1/clusters//nodes/south-master/metrics HTTP/1.1" 404 10591
2023-08-06 00:37:54,433 [WARNING] django.server:161: "GET /api/app/v1/clusters//nodes/south-master/metrics HTTP/1.1" 404 10591
2023-08-06 00:37:55,430 [WARNING] django.server:161: "GET /api/app/v1/clusters//nodes/south-master/metrics HTTP/1.1" 404 10591
2023-08-06 00:37:56,439 [WARNING] django.server:161: "GET /api/app/v1/clusters//nodes/south-master/metrics HTTP/1.1" 404 10591
2023-08-06 00:37:57,429 [WARNING] django.server:161: "GET /api/app/v1/clusters//nodes/south-master/metrics HTTP/1.1" 404 10591
2023-08-06 00:37:58,423 [WARNING] django.server:161: "GET /api/app/v1/clusters//nodes/south-master/metrics HTTP/1.1" 404 10591
2023-08-06 00:37:59,447 [WARNING] django.server:161: "GET /api/app/v1/clusters//nodes/south-master/metrics HTTP/1.1" 404 10591
2023-08-06 00:38:00,425 [WARNING] django.server:161: "GET /api/app/v1/clusters//nodes/south-master/metrics HTTP/1.1" 404 10591
2023-08-06 00:38:01,427 [WARNING] django.server:161: "GET /api/app/v1/clusters//nodes/south-master/metrics HTTP/1.1" 404 10591
2023-08-06 00:38:02,441 [WARNING] django.server:161: "GET /api/app/v1/clusters//nodes/south-master/metrics HTTP/1.1" 404 10591
